
data source(1.sii;2.siii):2
2
The peaks number:20
20
Part siii
Input histograms
Switch to this file:$gerda/data/histograms/h.siii.ecoto.root
Input success
Point to the histogrmas
Call fit function
Warning in <TSpectrum::SearchHighRes>: Peak buffer full
Found 20 candidate peaks to fit
Found 20 useful peaks to fit
Now fitting: Be patient
Warning in <Fit>: Abnormal termination of minimization.
 FCN=340309 FROM MIGRAD    STATUS=CALL LIMIT  29385 CALLS       29386 TOTAL
                     EDM=3.94664    STRATEGY= 1  ERROR MATRIX UNCERTAINTY  19.5 per cent
  EXT PARAMETER                APPROXIMATE        STEP         FIRST   
  NO.   NAME      VALUE            ERROR          SIZE      DERIVATIVE 
   1  p0          -2.54296e+01   1.56117e-01  -4.90256e-02  -8.82715e+00
   2  p1           1.23901e-01   6.07118e-05   3.00208e-05  -2.94838e+04
   3  p2          -7.23791e-05   4.42808e-09  -4.53091e-09   1.37940e+08
   4  p3           1.62162e-08   9.11487e-13  -9.68343e-13   4.69748e+12
   5  p4          -1.58297e-12   1.80468e-16   2.76017e-16   1.29926e+16
   6  p5           5.64861e-17   1.13610e-20  -1.60785e-20   3.46111e+20
   7  p6           1.57910e+05   2.33168e+02  -3.28468e+01  -3.41680e-04
   8  p7           1.40807e+03   2.20394e-03   2.76032e-04   1.39523e+02
   9  p8           1.84497e+00   1.79770e-03   4.31113e-04   1.15384e+02
  10  p9           9.54214e+04   2.07051e+02   9.41280e+00   2.44709e-04
  11  p10          1.11268e+03   3.35550e-03   4.68280e-05  -5.03253e+01
  12  p11          1.77387e+00   3.07656e-03   2.06295e-04  -1.17536e+01
  13  p12          7.14615e+04   1.93791e+02   6.90510e+01   3.63405e-03
  14  p13          1.08680e+03   4.13509e-03   1.02465e-03   8.68690e+01
  15  p14          1.92199e+00   5.34530e-03  -1.01606e-03   4.63417e+01
  16  p15          9.20274e+04   1.87192e+02   5.80432e+01   7.51230e-04
  17  p16          9.64565e+02   3.48885e-03   2.20514e-04   1.57202e+01
  18  p17          1.80346e+00   2.88165e-03  -1.64523e-05  -2.43793e+01
  19  p18          5.95444e+04   1.80178e+02   5.96466e-01  -1.67893e-03
  20  p19          7.78555e+02   5.25961e-03   1.00028e-03   2.18956e+01
  21  p20          1.70715e+00   4.74713e-03  -4.18630e-04  -7.26108e+01
  22  p21          2.39291e+04   1.21543e+02  -8.07640e+00  -3.06811e-03
  23  p22          8.67010e+02   1.03854e-02   1.13398e-03   5.11395e+00
  24  p23          1.91337e+00   9.11247e-03   1.18259e-03  -2.63666e+01
  25  p24          1.27658e+04   8.47817e+01  -4.81838e-02  -2.38272e-03
  26  p25          1.29946e+03   9.06832e-03   2.32863e-03   1.93091e+01
  27  p26          1.64822e+00   1.03734e-02   1.98708e-04   2.69737e+01
  28  p27          9.79578e+03   7.45316e+01  -9.01875e+00  -2.20528e-03
  29  p28          1.21337e+03   1.40292e-02  -3.57249e-05  -2.84164e+00
  30  p29          1.76902e+00   1.14020e-02   1.46323e-03  -1.11538e+00
  31  p30          5.93508e+03   3.97217e+01   3.46601e+00  -6.98568e-04
  32  p31          1.45959e+03   1.41302e-02   2.39790e-03   1.17436e+01
  33  p32          2.48477e+00   1.21869e-02  -2.57982e-03  -1.97729e+01
  34  p33          2.63874e+03   3.20861e+01   5.16121e+00  -3.18820e-03
  35  p34          1.08002e+03   2.12411e-01  -1.60182e-02  -3.00094e+00
  36  p35          1.76930e+01   1.93402e-01  -4.62968e-02  -1.60584e+01
  37  p36          4.10355e+03   6.18342e+01  -1.05384e+01  -4.80584e-03
  38  p37          1.35845e+03   2.04337e-02   2.91208e-03  -2.01898e-01
  39  p38          1.37305e+00   2.24447e-02   1.70532e-03  -1.49574e+01
  40  p39          3.23908e+03   1.06187e+02  -1.28092e+01   1.25409e-04
  41  p40          1.07359e+03   3.00234e-02  -4.34166e-03   1.98862e+00
  42  p41          7.49803e-01   1.62011e-02   2.91407e-03   3.49671e+00
  43  p42         -4.82836e+04   6.62224e+02  -1.03031e+03  -2.60905e-02
  44  p43          7.55767e+02   2.89995e-01   1.77833e-01   3.18220e+01
  45  p44         -6.31932e+01   3.54144e-01  -4.80684e-01  -8.25743e+01
  46  p45          8.56479e+03   1.80150e+01   1.69076e+00  -1.57110e-01
  47  p46          1.05815e+03   5.58797e-01  -1.19682e-01   6.71102e+00
  48  p47          1.63323e+02   2.49945e-01   8.43708e-02  -3.05840e+00
  49  p48         -1.59628e+04   1.93938e+02   1.57251e+02  -8.53885e-02
  50  p49          8.62964e+02   1.78386e-01   2.90078e-02   1.12945e+01
  51  p50         -3.99359e+01   9.31131e-02  -6.06248e-03  -2.86839e+01
  52  p51         -1.05606e+04   2.05086e+02   1.96785e+02  -4.22290e-02
  53  p52          8.05561e+02   1.65400e-01  -7.43580e-02   6.34730e+00
  54  p53          2.70602e+01   1.93471e-01  -1.56708e-01   2.05982e+00
  55  p54          6.14103e+03   1.35253e+02  -1.65896e+02   5.89485e-03
  56  p55          1.04379e+03   3.20711e-03   5.18085e-03  -5.15023e+02
  57  p56          1.43763e-01   4.13230e-03   4.33214e-03   1.05698e+03
  58  p57          2.18410e+03   1.10178e+01  -1.96771e+00  -1.08187e-02
  59  p58          1.38012e+03   1.34082e-01  -2.61725e-03   1.01683e+00
  60  p59          1.67423e+01   7.42411e-02   1.98659e-04  -2.12943e+00
  61  p60          6.94251e+04   6.11573e+02   8.97261e+02  -7.99877e-02
  62  p61          7.75926e+02   3.76939e-01  -4.47098e-01  -5.39049e+01
  63  p62         -8.42058e+01   1.78496e-01   5.65610e-03   1.07756e+02
  64  p63          5.22169e+03   4.44695e+01  -3.80879e+01  -4.68105e-02
  65  p64          5.63134e+02   3.45968e-01  -2.53008e-01  -2.03395e+00
  66  p65          4.78246e+01   1.27584e-01  -8.22618e-02  -8.97631e+00
Info in <TCanvas::Print>: eps file /home/lswl/Documents/works/Gerda/data/plots/edsiii/energyresolution.eps has been created

****************************************
            Invalid FitResult            
****************************************
Minimizer is Minuit / Migrad
Chi2                      =	340309
NDf                       =	9287
Edm                       =	3.94664
NCalls                    =	29386
p0                        =	-25.4296     	+/-	0.156117    
p1                        =	0.123901     	+/-	6.07118e-05 
p2                        =	-7.23791e-05 	+/-	4.42808e-09 
p3                        =	1.62162e-08  	+/-	9.11487e-13 
p4                        =	-1.58297e-12 	+/-	1.80468e-16 
p5                        =	5.64861e-17  	+/-	1.1361e-20  
p6                        =	157910       	+/-	233.168     
p7                        =	1408.07      	+/-	0.00220394  
p8                        =	1.84497      	+/-	0.0017977   
p9                        =	95421.4      	+/-	207.051     
p10                       =	1112.68      	+/-	0.0033555   
p11                       =	1.77387      	+/-	0.00307656  
p12                       =	71461.5      	+/-	193.791     
p13                       =	1086.8       	+/-	0.00413509  
p14                       =	1.92199      	+/-	0.0053453   
p15                       =	92027.4      	+/-	187.192     
p16                       =	964.565      	+/-	0.00348885  
p17                       =	1.80346      	+/-	0.00288165  
p18                       =	59544.4      	+/-	180.178     
p19                       =	778.555      	+/-	0.00525961  
p20                       =	1.70715      	+/-	0.00474713  
p21                       =	23929.1      	+/-	121.543     
p22                       =	867.01       	+/-	0.0103854   
p23                       =	1.91337      	+/-	0.00911247  
p24                       =	12765.8      	+/-	84.7817     
p25                       =	1299.46      	+/-	0.00906832  
p26                       =	1.64822      	+/-	0.0103734   
p27                       =	9795.78      	+/-	74.5316     
p28                       =	1213.37      	+/-	0.0140292   
p29                       =	1.76902      	+/-	0.011402    
p30                       =	5935.08      	+/-	39.7217     
p31                       =	1459.59      	+/-	0.0141302   
p32                       =	2.48477      	+/-	0.0121869   
p33                       =	2638.74      	+/-	32.0861     
p34                       =	1080.02      	+/-	0.212411    
p35                       =	17.693       	+/-	0.193402    
p36                       =	4103.55      	+/-	61.8342     
p37                       =	1358.45      	+/-	0.0204337   
p38                       =	1.37305      	+/-	0.0224447   
p39                       =	3239.08      	+/-	106.187     
p40                       =	1073.59      	+/-	0.0300234   
p41                       =	0.749803     	+/-	0.0162011   
p42                       =	-48283.6     	+/-	662.224     
p43                       =	755.767      	+/-	0.289995    
p44                       =	-63.1932     	+/-	0.354144    
p45                       =	8564.79      	+/-	18.015      
p46                       =	1058.15      	+/-	0.558797    
p47                       =	163.323      	+/-	0.249945    
p48                       =	-15962.8     	+/-	193.938     
p49                       =	862.964      	+/-	0.178386    
p50                       =	-39.9359     	+/-	0.0931131   
p51                       =	-10560.6     	+/-	205.086     
p52                       =	805.561      	+/-	0.1654      
p53                       =	27.0602      	+/-	0.193471    
p54                       =	6141.03      	+/-	135.253     
p55                       =	1043.79      	+/-	0.00320711  
p56                       =	0.143763     	+/-	0.0041323   
p57                       =	2184.1       	+/-	11.0178     
p58                       =	1380.12      	+/-	0.134082    
p59                       =	16.7423      	+/-	0.0742411   
p60                       =	69425.1      	+/-	611.573     
p61                       =	775.926      	+/-	0.376939    
p62                       =	-84.2058     	+/-	0.178496    
p63                       =	5221.69      	+/-	44.4695     
p64                       =	563.134      	+/-	0.345968    
p65                       =	47.8246      	+/-	0.127584    
output completed
Fit completed
Part completed
*** glibc detected *** ./findpeaks: corrupted double-linked list: 0x0000000001a590d0 ***
======= Backtrace: =========
/lib/libc.so.6(+0x775b6)[0x7fa12e6195b6]
/lib/libc.so.6(+0x77a61)[0x7fa12e619a61]
/lib/libc.so.6(+0x7a460)[0x7fa12e61c460]
/lib/libc.so.6(cfree+0x73)[0x7fa12e61fe83]
/opt/root/lib/libCint.so(_ZN4Cint8Internal18G__BufferReservoirD1Ev+0x5f)[0x7fa132f7b52f]
/lib/libc.so.6(__cxa_finalize+0xa0)[0x7fa12e5db630]
/opt/root/lib/libCint.so(+0x43036)[0x7fa132f0d036]
======= Memory map: ========
00400000-00406000 r-xp 00000000 08:07 13640                              /media/documents/Documents/works/Gerda/bin/endv/findpeaks
00605000-00606000 r--p 00005000 08:07 13640                              /media/documents/Documents/works/Gerda/bin/endv/findpeaks
00606000-00607000 rw-p 00006000 08:07 13640                              /media/documents/Documents/works/Gerda/bin/endv/findpeaks
01036000-01dd4000 rw-p 00000000 00:00 0                                  [heap]
7fa128000000-7fa128021000 rw-p 00000000 00:00 0 
7fa128021000-7fa12c000000 ---p 00000000 00:00 0 
7fa12cdef000-7fa12ce13000 r-xp 00000000 08:05 791444                     /opt/root/lib/libvectorDict.so
7fa12ce13000-7fa12d013000 ---p 00024000 08:05 791444                     /opt/root/lib/libvectorDict.so
7fa12d013000-7fa12d015000 rw-p 00024000 08:05 791444                     /opt/root/lib/libvectorDict.so
7fa12d015000-7fa12d016000 rw-p 00000000 00:00 0 
7fa12d016000-7fa12d1ba000 r-xp 00000000 08:05 787498                     /opt/root/cint/cint/stl/vector.dll
7fa12d1ba000-7fa12d3b9000 ---p 001a4000 08:05 787498                     /opt/root/cint/cint/stl/vector.dll
7fa12d3b9000-7fa12d3c0000 rw-p 001a3000 08:05 787498                     /opt/root/cint/cint/stl/vector.dll
7fa12d3c0000-7fa12d452000 r-xp 00000000 08:05 791348                     /opt/root/lib/libMinuit.so
7fa12d452000-7fa12d652000 ---p 00092000 08:05 791348                     /opt/root/lib/libMinuit.so
7fa12d652000-7fa12d656000 rw-p 00092000 08:05 791348                     /opt/root/lib/libMinuit.so
7fa12d656000-7fa12d657000 rw-p 00000000 00:00 0 
7fa12d657000-7fa12d6e7000 r-xp 00000000 08:05 791321                     /opt/root/lib/libHistPainter.so
7fa12d6e7000-7fa12d8e6000 ---p 00090000 08:05 791321                     /opt/root/lib/libHistPainter.so
7fa12d8e6000-7fa12d8ea000 rw-p 0008f000 08:05 791321                     /opt/root/lib/libHistPainter.so
7fa12d8ea000-7fa12d8eb000 rw-p 00000000 00:00 0 
7fa12d8eb000-7fa12d8f7000 r-xp 00000000 08:05 2970                       /lib/libnss_files-2.11.1.so
7fa12d8f7000-7fa12daf6000 ---p 0000c000 08:05 2970                       /lib/libnss_files-2.11.1.so
7fa12daf6000-7fa12daf7000 r--p 0000b000 08:05 2970                       /lib/libnss_files-2.11.1.so
7fa12daf7000-7fa12daf8000 rw-p 0000c000 08:05 2970                       /lib/libnss_files-2.11.1.so
7fa12daf8000-7fa12db02000 r-xp 00000000 08:05 2973                       /lib/libnss_nis-2.11.1.so
7fa12db02000-7fa12dd01000 ---p 0000a000 08:05 2973                       /lib/libnss_nis-2.11.1.so
7fa12dd01000-7fa12dd02000 r--p 00009000 08:05 2973                       /lib/libnss_nis-2.11.1.so
7fa12dd02000-7fa12dd03000 rw-p 0000a000 08:05 2973                       /lib/libnss_nis-2.11.1.so
7fa12dd03000-7fa12dd1a000 r-xp 00000000 08:05 2967                       /lib/libnsl-2.11.1.so
7fa12dd1a000-7fa12df19000 ---p 00017000 08:05 2967                       /lib/libnsl-2.11.1.so
7fa12df19000-7fa12df1a000 r--p 00016000 08:05 2967                       /lib/libnsl-2.11.1.so
7fa12df1a000-7fa12df1b000 rw-p 00017000 08:05 2967                       /lib/libnsl-2.11.1.so
7fa12df1b000-7fa12df1d000 rw-p 00000000 00:00 0 
7fa12df1d000-7fa12df25000 r-xp 00000000 08:05 2968                       /lib/libnss_compat-2.11.1.so
7fa12df25000-7fa12e124000 ---p 00008000 08:05 2968                       /lib/libnss_compat-2.11.1.so
7fa12e124000-7fa12e125000 r--p 00007000 08:05 2968                       /lib/libnss_compat-2.11.1.so
7fa12e125000-7fa12e126000 rw-p 00008000 08:05 2968                       /lib/libnss_compat-2.11.1.so
7fa12e126000-7fa12e12f000 r-xp 00000000 08:05 2632                       /lib/libcrypt-2.11.1.so
7fa12e12f000-7fa12e32f000 ---p 00009000 08:05 2632                       /lib/libcrypt-2.11.1.so
7fa12e32f000-7fa12e330000 r--p 00009000 08:05 2632                       /lib/libcrypt-2.11.1.so
7fa12e330000-7fa12e331000 rw-p 0000a000 08:05 2632                       /lib/libcrypt-2.11.1.so
7fa12e331000-7fa12e35f000 rw-p 00000000 00:00 0 
7fa12e35f000-7fa12e39d000 r-xp 00000000 08:05 9519                       /lib/libncurses.so.5.7
7fa12e39d000-7fa12e59d000 ---p 0003e000 08:05 9519                       /lib/libncurses.so.5.7
7fa12e59d000-7fa12e5a1000 r--p 0003e000 08:05 9519                       /lib/libncurses.so.5.7
7fa12e5a1000-7fa12e5a2000 rw-p 00042000 08:05 9519                       /lib/libncurses.so.5.7
7fa12e5a2000-7fa12e71c000 r-xp 00000000 08:05 2627                       /lib/libc-2.11.1.so
7fa12e71c000-7fa12e91b000 ---p 0017a000 08:05 2627                       /lib/libc-2.11.1.so
7fa12e91b000-7fa12e91f000 r--p 00179000 08:05 2627                       /lib/libc-2.11.1.so
7fa12e91f000-7fa12e920000 rw-p 0017d000 08:05 2627                       /lib/libc-2.11.1.so
7fa12e920000-7fa12e925000 rw-p 00000000 00:00 0 
7fa12e925000-7fa12e93d000 r-xp 00000000 08:05 2976                       /lib/libpthread-2.11.1.so
7fa12e93d000-7fa12eb3c000 ---p 00018000 08:05 2976                       /lib/libpthread-2.11.1.so
7fa12eb3c000-7fa12eb3d000 r--p 00017000 08:05 2976                       /lib/libpthread-2.11.1.so
7fa12eb3d000-7fa12eb3e000 rw-p 00018000 08:05 2976                       /lib/libpthread-2.11.1.so
7fa12eb3e000-7fa12eb42000 rw-p 00000000 00:00 0 
7fa12eb42000-7fa12eb58000 r-xp 00000000 08:05 2237                       /lib/libgcc_s.so.1
7fa12eb58000-7fa12ed57000 ---p 00016000 08:05 2237                       /lib/libgcc_s.so.1
7fa12ed57000-7fa12ed58000 r--p 00015000 08:05 2237                       /lib/libgcc_s.so.1
7fa12ed58000-7fa12ed59000 rw-p 00016000 08:05 2237                       /lib/libgcc_s.so.1
7fa12ed59000-7fa12ee4f000 r-xp 00000000 08:05 6856                       /usr/lib/libstdc++.so.6.0.13
7fa12ee4f000-7fa12f04f000 ---p 000f6000 08:05 6856                       /usr/lib/libstdc++.so.6.0.13
7fa12f04f000-7fa12f056000 r--p 000f6000 08:05 6856                       /usr/lib/libstdc++.so.6.0.13Aborted
lswl@lswl-laptop:~/Documents/works/Gerda/bin/endv$ ./findpeaks
./findpeaks
data source(1.sii;2.siii):1
1
The peaks number:20
20
Part sii
Input histograms
Switch to this file:$gerda/data/histograms/h.sii.ecoto.root
Input success
Point to the histogrmas
Call fit function
Warning in <TSpectrum::SearchHighRes>: Peak buffer full
Found 20 candidate peaks to fit
Found 20 useful peaks to fit
Now fitting: Be patient
Warning in <Fit>: Abnormal termination of minimization.
 FCN=220575 FROM MIGRAD    STATUS=CALL LIMIT  29496 CALLS       29497 TOTAL
                     EDM=117.63    STRATEGY= 1  ERROR MATRIX UNCERTAINTY   5.1 per cent
  EXT PARAMETER                APPROXIMATE        STEP         FIRST   
  NO.   NAME      VALUE            ERROR          SIZE      DERIVATIVE 
   1  p0          -1.01979e+02   4.67918e-01   5.93373e-01   4.04220e+01
   2  p1           6.22165e-01   2.31909e-04   6.40494e-05   2.30988e+04
   3  p2          -4.36018e-04   3.42990e-08  -8.57784e-08   3.34001e+08
   4  p3           1.16770e-07   1.95404e-12   2.84962e-12  -2.15241e+12
   5  p4          -1.36230e-11   6.88473e-16   2.30041e-15  -3.08525e+16
   6  p5           5.81257e-16   5.02904e-20  -1.98128e-19   4.69732e+20
   7  p6           4.02207e+04   2.13914e+02  -4.89215e+01  -5.95459e-02
   8  p7           7.30322e+01   5.04331e-02   3.61095e-02  -7.83625e+00
   9  p8           1.22179e+01   2.11650e-02  -6.50867e-03  -4.14672e+02
  10  p9           1.02720e+04   6.07627e+01   9.72384e+00  -1.95300e-02
  11  p10          1.46045e+03   8.82474e-03   6.16999e-04  -5.77086e+01
  12  p11          1.74925e+00   7.25695e-03  -2.23254e-03  -6.80552e+01
  13  p12          5.96067e+03   6.51775e+01   1.77468e+01  -1.40794e-02
  14  p13          6.08952e+02   1.50145e-02   5.94503e-04   5.62369e-01
  15  p14          1.38340e+00   1.37948e-02  -7.61455e-04   4.83366e+01
  16  p15          3.28236e+04   2.44421e+02  -3.17788e+01  -9.63337e-02
  17  p16          9.10909e+01   5.84781e-02   9.32934e-02  -6.47681e+01
  18  p17          1.62126e+01   4.45989e-02   1.66646e-01   5.53753e+01
  19  p18          1.47230e+05   5.94059e+02   1.73470e+03  -2.11422e-02
  20  p19          1.32273e+02   6.02082e-02   2.05312e-01   6.46840e+02
  21  p20          2.43695e+01   5.12762e-02   1.97717e-02  -5.19552e+01
  22  p21          3.11807e+03   3.13351e+01  -1.46485e+00  -4.27992e-02
  23  p22          1.76462e+03   1.72281e-02  -4.60108e-04  -5.50016e+01
  24  p23          1.93412e+00   1.38121e-02   2.04165e-03   8.87630e+01
  25  p24          2.78125e+03   2.54888e+01   1.17147e+01   3.36092e-02
  26  p25          2.61463e+03   1.87811e-02  -1.00787e-03  -6.18446e+00
  27  p26          2.41325e+00   1.40229e-02  -5.59417e-03   1.04153e+01
  28  p27          2.84051e+03   4.10761e+01   3.35682e+01   3.63578e-02
  29  p28          1.12011e+03   2.15328e-02   1.19854e-03  -4.78105e+00
  30  p29          1.53921e+00   2.08446e-02  -1.19281e-02  -1.66691e+01
  31  p30         -3.20614e+02   7.37386e+00  -2.14876e+00   1.34876e+00
  32  p31          4.60235e+02   1.00442e-01   2.70819e-01   4.05254e+00
  33  p32          2.07927e+02   4.30363e-01  -1.61812e+00  -1.18158e+01
  34  p33          3.84332e+03   1.47536e+01   2.04721e+01   4.29819e-01
  35  p34          3.85893e+02   2.95351e-01  -1.04423e+00  -6.02521e+01
  36  p35          1.20262e+02   3.56748e-01  -5.27624e-02   2.65017e+01
  37  p36          7.16629e+03   4.00118e+01   2.15424e+02   1.12529e-01
  38  p37          2.65726e+02   3.66974e-01  -1.19367e+00  -4.17144e+01
  39  p38          6.41373e+01   2.32929e-01  -2.75240e-02   6.55877e+01
  40  p39         -7.40556e+02   8.17780e+00  -2.49801e+01   2.91800e+00
  41  p40          9.12552e+02   4.33664e-02   8.33034e-02   7.25220e+00
  42  p41          2.08596e+02   3.20214e-01  -6.70457e-01   6.02677e-01
  43  p42          7.69487e+02   1.39943e+01  -4.24728e+01   1.16268e+00
  44  p43          5.95276e+02   1.00123e-01  -2.82627e-01   5.91741e+00
  45  p44          2.10454e+02   4.37804e-01  -1.72908e+00   2.30273e+01
  46  p45         -1.10867e+05   6.86879e+02  -2.27594e+03  -9.49079e-03
  47  p46          1.33918e+02   6.00221e-02   2.24864e-01  -5.89532e+02
  48  p47          2.24359e+01   6.17486e-02   4.70701e-02   3.06874e+02
  49  p48          1.94998e+03   1.22163e+02  -5.03107e+02   2.71403e-02
  50  p49          1.88177e+02   1.71041e-01   3.17085e-01   3.07861e+01
  51  p50          1.30145e+01   8.84926e-02  -1.42044e-01   9.30095e+00
  52  p51          8.41714e+02   3.15732e+00  -6.33221e+00   3.08052e+00
  53  p52          6.78102e+02   2.98494e+00  -6.71180e+00   1.45287e+00
  54  p53          2.84700e+02   1.54783e+00  -6.50494e+00   1.36914e+01
  55  p54          7.30301e+04   2.33834e+02   1.91685e+02   1.77018e-01
  56  p55          2.20835e+02   2.49226e-01  -1.14173e+00  -2.89641e+02
  57  p56          4.54832e+01   7.73683e-02  -1.57541e-01   1.31573e+02
  58  p57         -6.14092e+04   2.55858e+02  -3.20510e+02   1.47525e-01
  59  p58          2.27080e+02   2.73881e-01  -1.19035e+00   2.84642e+02
  60  p59          4.36514e+01   7.52117e-02  -2.52916e-02  -1.02488e+02
  61  p60         -2.52172e+02   1.24395e+02   3.53087e+02   1.51282e-01
  62  p61          1.68730e+02   1.17241e-01   2.61176e-01  -7.16280e-01
  63  p62          3.59299e+01   8.83734e-02   8.08183e-02  -3.17146e+00
  64  p63          1.09980e+03   1.60843e+01   6.61379e+01   4.19742e+00
  65  p64          9.35669e+02   1.98069e+00  -8.05063e+00   1.59493e+00
  66  p65          3.22016e+02   6.22031e-01   1.06929e+00   5.82899e+00
Info in <TCanvas::Print>: eps file /home/lswl/Documents/works/Gerda/data/plots/edsii/energyresolution.eps has been created

****************************************
            Invalid FitResult            
****************************************
Minimizer is Minuit / Migrad
Chi2                      =	220575
NDf                       =	7964
Edm                       =	117.63
NCalls                    =	29497
p0                        =	-101.979     	+/-	0.467918    
p1                        =	0.622165     	+/-	0.000231909 
p2                        =	-0.000436018 	+/-	3.4299e-08  
p3                        =	1.1677e-07   	+/-	1.95404e-12 
p4                        =	-1.3623e-11  	+/-	6.88473e-16 
p5                        =	5.81257e-16  	+/-	5.02904e-20 
p6                        =	40220.7      	+/-	213.914     
p7                        =	73.0322      	+/-	0.0504331   
p8                        =	12.2179      	+/-	0.021165    
p9                        =	10272        	+/-	60.7627     
p10                       =	1460.45      	+/-	0.00882474  
p11                       =	1.74925      	+/-	0.00725695  
p12                       =	5960.67      	+/-	65.1775     
p13                       =	608.952      	+/-	0.0150145   
p14                       =	1.3834       	+/-	0.0137948   
p15                       =	32823.6      	+/-	244.421     
p16                       =	91.0909      	+/-	0.0584781   
p17                       =	16.2126      	+/-	0.0445989   
p18                       =	147230       	+/-	594.059     
p19                       =	132.273      	+/-	0.0602082   
p20                       =	24.3695      	+/-	0.0512762   
p21                       =	3118.07      	+/-	31.3351     
p22                       =	1764.62      	+/-	0.0172281   
p23                       =	1.93412      	+/-	0.0138121   
p24                       =	2781.25      	+/-	25.4888     
p25                       =	2614.63      	+/-	0.0187811   
p26                       =	2.41325      	+/-	0.0140229   
p27                       =	2840.51      	+/-	41.0761     
p28                       =	1120.11      	+/-	0.0215328   
p29                       =	1.53921      	+/-	0.0208446   
p30                       =	-320.614     	+/-	7.37386     
p31                       =	460.235      	+/-	0.100442    
p32                       =	207.927      	+/-	0.430363    
p33                       =	3843.32      	+/-	14.7536     
p34                       =	385.893      	+/-	0.295351    
p35                       =	120.262      	+/-	0.356748    
p36                       =	7166.29      	+/-	40.0118     
p37                       =	265.726      	+/-	0.366974    
p38                       =	64.1373      	+/-	0.232929    
p39                       =	-740.556     	+/-	8.1778      
p40                       =	912.552      	+/-	0.0433664   
p41                       =	208.596      	+/-	0.320214    
p42                       =	769.487      	+/-	13.9943     
p43                       =	595.276      	+/-	0.100123    
p44                       =	210.454      	+/-	0.437804    
p45                       =	-110867      	+/-	686.879     
p46                       =	133.918      	+/-	0.0600221   
p47                       =	22.4359      	+/-	0.0617486   
p48                       =	1949.98      	+/-	122.163     
p49                       =	188.177      	+/-	0.171041    
p50                       =	13.0145      	+/-	0.0884926   
p51                       =	841.714      	+/-	3.15732     
p52                       =	678.102      	+/-	2.98494     
p53                       =	284.7        	+/-	1.54783     
p54                       =	73030.1      	+/-	233.834     
p55                       =	220.835      	+/-	0.249226    
p56                       =	45.4832      	+/-	0.0773683   
p57                       =	-61409.2     	+/-	255.858     
p58                       =	227.08       	+/-	0.273881    
p59                       =	43.6514      	+/-	0.0752117   
p60                       =	-252.172     	+/-	124.395     
p61                       =	168.73       	+/-	0.117241    
p62                       =	35.9299      	+/-	0.0883734   
p63                       =	1099.8       	+/-	16.0843     
p64                       =	935.669      	+/-	1.98069     
p65                       =	322.016      	+/-	0.622031    
output completed
Fit completed
Part completed
*** glibc detected *** ./findpeaks: corrupted double-linked list: 0x00000000029710e0 ***
======= Backtrace: =========
/lib/libc.so.6(+0x775b6)[0x7f4ca9ab85b6]
/lib/libc.so.6(+0x77a61)[0x7f4ca9ab8a61]
/lib/libc.so.6(+0x7a460)[0x7f4ca9abb460]
/lib/libc.so.6(cfree+0x73)[0x7f4ca9abee83]
/opt/root/lib/libCint.so(_ZN4Cint8Internal18G__BufferReservoirD1Ev+0x5f)[0x7f4cae41a52f]
/lib/libc.so.6(__cxa_finalize+0xa0)[0x7f4ca9a7a630]
/opt/root/lib/libCint.so(+0x43036)[0x7f4cae3ac036]
======= Memory map: ========
00400000-00406000 r-xp 00000000 08:07 13640                              /media/documents/Documents/works/Gerda/bin/endv/findpeaks
00605000-00606000 r--p 00005000 08:07 13640                              /media/documents/Documents/works/Gerda/bin/endv/findpeaks
00606000-00607000 rw-p 00006000 08:07 13640                              /media/documents/Documents/works/Gerda/bin/endv/findpeaks
01f4e000-02cea000 rw-p 00000000 00:00 0                                  [heap]
7f4ca4000000-7f4ca4021000 rw-p 00000000 00:00 0 
7f4ca4021000-7f4ca8000000 ---p 00000000 00:00 0 
7f4ca828e000-7f4ca82b2000 r-xp 00000000 08:05 791444                     /opt/root/lib/libvectorDict.so
7f4ca82b2000-7f4ca84b2000 ---p 00024000 08:05 791444                     /opt/root/lib/libvectorDict.so
7f4ca84b2000-7f4ca84b4000 rw-p 00024000 08:05 791444                     /opt/root/lib/libvectorDict.so
7f4ca84b4000-7f4ca84b5000 rw-p 00000000 00:00 0 
7f4ca84b5000-7f4ca8659000 r-xp 00000000 08:05 787498                     /opt/root/cint/cint/stl/vector.dll
7f4ca8659000-7f4ca8858000 ---p 001a4000 08:05 787498                     /opt/root/cint/cint/stl/vector.dll
7f4ca8858000-7f4ca885f000 rw-p 001a3000 08:05 787498                     /opt/root/cint/cint/stl/vector.dll
7f4ca885f000-7f4ca88f1000 r-xp 00000000 08:05 791348                     /opt/root/lib/libMinuit.so
7f4ca88f1000-7f4ca8af1000 ---p 00092000 08:05 791348                     /opt/root/lib/libMinuit.so
7f4ca8af1000-7f4ca8af5000 rw-p 00092000 08:05 791348                     /opt/root/lib/libMinuit.so
7f4ca8af5000-7f4ca8af6000 rw-p 00000000 00:00 0 
7f4ca8af6000-7f4ca8b86000 r-xp 00000000 08:05 791321                     /opt/root/lib/libHistPainter.so
7f4ca8b86000-7f4ca8d85000 ---p 00090000 08:05 791321                     /opt/root/lib/libHistPainter.so
7f4ca8d85000-7f4ca8d89000 rw-p 0008f000 08:05 791321                     /opt/root/lib/libHistPainter.so
7f4ca8d89000-7f4ca8d8a000 rw-p 00000000 00:00 0 
7f4ca8d8a000-7f4ca8d96000 r-xp 00000000 08:05 2970                       /lib/libnss_files-2.11.1.so
7f4ca8d96000-7f4ca8f95000 ---p 0000c000 08:05 2970                       /lib/libnss_files-2.11.1.so
7f4ca8f95000-7f4ca8f96000 r--p 0000b000 08:05 2970                       /lib/libnss_files-2.11.1.so
7f4ca8f96000-7f4ca8f97000 rw-p 0000c000 08:05 2970                       /lib/libnss_files-2.11.1.so
7f4ca8f97000-7f4ca8fa1000 r-xp 00000000 08:05 2973                       /lib/libnss_nis-2.11.1.so
7f4ca8fa1000-7f4ca91a0000 ---p 0000a000 08:05 2973                       /lib/libnss_nis-2.11.1.so
7f4ca91a0000-7f4ca91a1000 r--p 00009000 08:05 2973                       /lib/libnss_nis-2.11.1.so
7f4ca91a1000-7f4ca91a2000 rw-p 0000a000 08:05 2973                       /lib/libnss_nis-2.11.1.so
7f4ca91a2000-7f4ca91b9000 r-xp 00000000 08:05 2967                       /lib/libnsl-2.11.1.so
7f4ca91b9000-7f4ca93b8000 ---p 00017000 08:05 2967                       /lib/libnsl-2.11.1.so
7f4ca93b8000-7f4ca93b9000 r--p 00016000 08:05 2967                       /lib/libnsl-2.11.1.so
7f4ca93b9000-7f4ca93ba000 rw-p 00017000 08:05 2967                       /lib/libnsl-2.11.1.so
7f4ca93ba000-7f4ca93bc000 rw-p 00000000 00:00 0 
7f4ca93bc000-7f4ca93c4000 r-xp 00000000 08:05 2968                       /lib/libnss_compat-2.11.1.so
7f4ca93c4000-7f4ca95c3000 ---p 00008000 08:05 2968                       /lib/libnss_compat-2.11.1.so
7f4ca95c3000-7f4ca95c4000 r--p 00007000 08:05 2968                       /lib/libnss_compat-2.11.1.so
7f4ca95c4000-7f4ca95c5000 rw-p 00008000 08:05 2968                       /lib/libnss_compat-2.11.1.so
7f4ca95c5000-7f4ca95ce000 r-xp 00000000 08:05 2632                       /lib/libcrypt-2.11.1.so
7f4ca95ce000-7f4ca97ce000 ---p 00009000 08:05 2632                       /lib/libcrypt-2.11.1.so
7f4ca97ce000-7f4ca97cf000 r--p 00009000 08:05 2632                       /lib/libcrypt-2.11.1.so
7f4ca97cf000-7f4ca97d0000 rw-p 0000a000 08:05 2632                       /lib/libcrypt-2.11.1.so
7f4ca97d0000-7f4ca97fe000 rw-p 00000000 00:00 0 
7f4ca97fe000-7f4ca983c000 r-xp 00000000 08:05 9519                       /lib/libncurses.so.5.7
7f4ca983c000-7f4ca9a3c000 ---p 0003e000 08:05 9519                       /lib/libncurses.so.5.7
7f4ca9a3c000-7f4ca9a40000 r--p 0003e000 08:05 9519                       /lib/libncurses.so.5.7
7f4ca9a40000-7f4ca9a41000 rw-p 00042000 08:05 9519                       /lib/libncurses.so.5.7
7f4ca9a41000-7f4ca9bbb000 r-xp 00000000 08:05 2627                       /lib/libc-2.11.1.so
7f4ca9bbb000-7f4ca9dba000 ---p 0017a000 08:05 2627                       /lib/libc-2.11.1.so
7f4ca9dba000-7f4ca9dbe000 r--p 00179000 08:05 2627                       /lib/libc-2.11.1.so
7f4ca9dbe000-7f4ca9dbf000 rw-p 0017d000 08:05 2627                       /lib/libc-2.11.1.so
7f4ca9dbf000-7f4ca9dc4000 rw-p 00000000 00:00 0 
7f4ca9dc4000-7f4ca9ddc000 r-xp 00000000 08:05 2976                       /lib/libpthread-2.11.1.so
7f4ca9ddc000-7f4ca9fdb000 ---p 00018000 08:05 2976                       /lib/libpthread-2.11.1.so
7f4ca9fdb000-7f4ca9fdc000 r--p 00017000 08:05 2976                       /lib/libpthread-2.11.1.so
7f4ca9fdc000-7f4ca9fdd000 rw-p 00018000 08:05 2976                       /lib/libpthread-2.11.1.so
7f4ca9fdd000-7f4ca9fe1000 rw-p 00000000 00:00 0 
7f4ca9fe1000-7f4ca9ff7000 r-xp 00000000 08:05 2237                       /lib/libgcc_s.so.1
7f4ca9ff7000-7f4caa1f6000 ---p 00016000 08:05 2237                       /lib/libgcc_s.so.1
7f4caa1f6000-7f4caa1f7000 r--p 00015000 08:05 2237                       /lib/libgcc_s.so.1
7f4caa1f7000-7f4caa1f8000 rw-p 00016000 08:05 2237                       /lib/libgcc_s.so.1
7f4caa1f8000-7f4caa2ee000 r-xp 00000000 08:05 6856                       /usr/lib/libstdc++.so.6.0.13
7f4caa2ee000-7f4caa4ee000 ---p 000f6000 08:05 6856                       /usr/lib/libstdc++.so.6.0.13
7f4caa4ee000-7f4caa4f5000 r--p 000f6000 08:05 6856                       /usr/lib/libstdc++.so.6.0.13Aborted
