d4305842C005d004.fit[364,300][ushort]:         BD+17_4708
d4305842C005d005.fit[364,300][ushort]:         BD+17_4708
d4305842C005d018.fit[364,300][ushort]:         BD+17_4708
d4305842C005d019.fit[364,300][ushort]:         BD+17_4708
d4305842C005d027.fit[364,300][ushort]: 
d4305842C005d028.fit[364,300][ushort]:         BD+17_4708
d4305842C005d035.fit[364,300][ushort]:         BD+17_4708
d4305842C005d036.fit[364,300][ushort]:         BD+17_4708
d4305842C005i002.fit[364,300][ushort]: 
d4305842C005i003.fit[364,300][ushort]:         BD+17_4708
d4305842C005i020.fit[364,300][ushort]:         BD+17_4708
d4305842C005i021.fit[364,300][ushort]:         BD+17_4708
d4305842C005i037.fit[364,300][ushort]:         BD+17_4708
d4305842C005i038.fit[364,300][ushort]:         BD+17_4708
d4305842C005m006.fit[364,300][ushort]:         BD+17_4708
d4305842C005m007.fit[364,300][ushort]:         BD+17_4708
d4305842C005m008.fit[364,300][ushort]:         BD+17_4708
d4305842C005m016.fit[364,300][ushort]:         BD+17_4708
d4305842C005m017.fit[364,300][ushort]:         BD+17_4708
d4305842C005m039.fit[364,300][ushort]:         BD+17_4708
d4305842U021d009.fit[4160,4096][ushort]:        2038HRfield
d4305842U022d010.fit[4160,4096][ushort]:        2038HRfield
d4305842U022d029.fit[4160,4096][ushort]:        2038HRfield
d4305842U022d030.fit[4160,4096][ushort]:        2038HRfield
d4305842U022d031.fit[4160,4096][ushort]:        2038HRfield
d4305842U022d032.fit[4160,4096][ushort]:        2038HRfield
d4305842U022d033.fit[4160,4096][ushort]:        2038HRfield
d4305842U022d034.fit[4160,4096][ushort]:        2038HRfield
d4305842U022i022.fit[4160,4096][ushort]:        2038HRfield
d4305842U022i023.fit[4160,4096][ushort]:        2038HRfield
d4305842U022i024.fit[4160,4096][ushort]:        2038HRfield
d4305842U022i025.fit[4160,4096][ushort]:        2038HRfield
d4305842U022i026.fit[4160,4096][ushort]:        2038HRfield
d4305842U022m011.fit[4160,4096][ushort]:        2038HRfield
d4305842U022m012.fit[4160,4096][ushort]:        2038HRfield
d4305842U022m013.fit[4160,4096][ushort]:        2038HRfield
d4305842U022m014.fit[4160,4096][ushort]:        2038HRfield
d4305842U022m015.fit[4160,4096][ushort]:        2038HRfield
dFLATd0118.fit[4160,4096][ushort]:       flat d 4540a
dFLATd0119.fit[4160,4096][ushort]:       flat d 4540a
dFLATd0120.fit[4160,4096][ushort]:       flat d 4540a
dFLATd0121.fit[4160,4096][ushort]:       flat d 4540a
dFLATd0122.fit[4160,4096][ushort]:       flat d 4540a
dFLATd0123.fit[4160,4096][ushort]:       flat d 4540a
dFLATd0124.fit[4160,4096][ushort]:       flat d 4540a
dFLATd0125.fit[4160,4096][ushort]:       flat d 4540a
dFLATd0126.fit[4160,4096][ushort]:       flat d 4540a
dFLATd0127.fit[4160,4096][ushort]:       flat d 4540a
dFLATd0128.fit[4160,4096][ushort]:       flat d 4540a
dFLATd0129.fit[4160,4096][ushort]:       flat d 4540a
dFLATi0106.fit[4160,4096][ushort]:       flat i 6660a
dFLATi0107.fit[4160,4096][ushort]:       flat i 6660a
dFLATi0108.fit[4160,4096][ushort]:       flat i 6660a
dFLATi0109.fit[4160,4096][ushort]:       flat i 6660a
dFLATi0110.fit[4160,4096][ushort]:       flat i 6660a
dFLATi0111.fit[4160,4096][ushort]:       flat i 6660a
dFLATi0112.fit[4160,4096][ushort]:       flat i 6660a
dFLATi0113.fit[4160,4096][ushort]:       flat i 6660a
dFLATi0114.fit[4160,4096][ushort]:       flat i 6660a
dFLATi0115.fit[4160,4096][ushort]:       flat i 6660a
dFLATi0116.fit[4160,4096][ushort]:       flat i 6660a
dFLATi0117.fit[4160,4096][ushort]:       flat i 6660a
