d4305840BIASi000.fit
d4305840BIASi001.fit
d4305840BIASi002.fit
d4305840BIASi003.fit
d4305840BIASi004.fit
d4305840BIASi005.fit
d4305840BIASi006.fit
d4305840BIASi007.fit
d4305840BIASi008.fit
d4305840BIASi009.fit
d4305841BIASm115.fit
d4305841BIASm116.fit
d4305841BIASm117.fit
d4305841BIASm118.fit
d4305841BIASm119.fit
d4305841FLATc010.fit
d4305841FLATc011.fit
d4305841FLATc012.fit
d4305841FLATd097.fit
d4305841FLATd098.fit
d4305841FLATd099.fit
d4305841FLATd102.fit
d4305841FLATd103.fit
d4305841FLATd104.fit
d4305841FLATd105.fit
d4305841FLATd106.fit
d4305841FLATd109.fit
d4305841FLATd110.fit
d4305841FLATd111.fit
d4305841FLATd112.fit
d4305841FLATi013.fit
d4305841FLATi014.fit
d4305841FLATi015.fit
d4305841FLATm120.fit
d4305841FLATm121.fit
d4305841FLATm122.fit
d4305841FLATm123.fit
d4305841FLATm124.fit
d4305841FLATm125.fit
d4305841FLATm126.fit
d4305841FLATm127.fit
d4305841Polei054.fit
d4305841T717f016.fit
d4305841T717i017.fit
d4305841U020m062.fit
d4305841U020m063.fit
d4305841U020m064.fit
d4305841U021d066.fit
d4305841U021d067.fit
d4305841U021d068.fit
d4305841U021i073.fit
d4305841U021i074.fit
d4305841U021i075.fit
d4305841U021i076.fit
d4305841U021m065.fit
d4305841U021m083.fit
d4305841U021m084.fit
d4305841UB02c019.fit
d4305841UB02g022.fit
d4305841UB02g024.fit
d4305841UB02g027.fit
d4305841UB02g030.fit
d4305841UB02g033.fit
d4305841UB02g036.fit
d4305841UB02g039.fit
d4305841UB02g042.fit
d4305841UB02g045.fit
d4305841UB02g048.fit
d4305841UB02g051.fit
d4305841UB02i020.fit
d4305841UB02i025.fit
d4305841UB02i028.fit
d4305841UB02i031.fit
d4305841UB02i034.fit
d4305841UB02i037.fit
d4305841UB02i040.fit
d4305841UB02i043.fit
d4305841UB02i046.fit
d4305841UB02i049.fit
d4305841UB02i052.fit
d4305841UB02k023.fit
d4305841UB02k026.fit
d4305841UB02k029.fit
d4305841UB02k032.fit
d4305841UB02k035.fit
d4305841UB02k038.fit
d4305841UB02k041.fit
d4305841UB02k044.fit
d4305841UB02k047.fit
d4305841UB02k050.fit
d4305841UB02k053.fit
d4305841UB02o021.fit
